@0000000000000000
1B
62
1A
64
19
68
00
00
00
00
00
00
00
00
00
00
00
00
00
00
00
00
00
00
00
00
00
00
00
00
00
00
00
00
0D
0E
00
00
00
00
00
00
00
00
00
00
00
00
00
00
01
00
02
00
FE
FF
01
00
0D
60
DD
BA
42
16
44
5A
7F
9C
00
00
00
00
00
00
00
00
00
00
00
00
00
00
1C
7C
1C
6E
44
12
00
00
00
00
00
00
00
00
00
00
00
00
00
00
18
02
00
00
00
00
00
00
00
00
00
00
00
00
00
00
E3
0F
00
00
00
00
00
00
00
00
00
00
00
00
00
00
1E
62
FE
0F
00
00
00
00
00
00
00
00
00
00
00
00
00
00
1D
62
FE
0F
00
00
00
00
00
00
00
00
00
00
00
00
00
00
