Analysis & Synthesis report for mp3
Mon Mar 28 16:59:17 2016
Quartus II 32-bit Version 13.1.4 Build 182 03/12/2014 SJ Full Version


---------------------
; Table of Contents ;
---------------------
  1. Legal Notice
  2. Analysis & Synthesis Summary
  3. Analysis & Synthesis Settings
  4. Parallel Compilation
  5. Analysis & Synthesis Source Files Read
  6. Analysis & Synthesis Resource Usage Summary
  7. Analysis & Synthesis Resource Utilization by Entity
  8. User-Specified and Inferred Latches
  9. Registers Removed During Synthesis
 10. Removed Registers Triggering Further Register Optimizations
 11. General Register Statistics
 12. Multiplexer Restructuring Statistics (Restructuring Performed)
 13. Parameter Settings for User Entity Instance: CPU:CPU_unit|datapath:datapathunit|mux2:pcmux
 14. Parameter Settings for User Entity Instance: CPU:CPU_unit|datapath:datapathunit|plus2:pc_plus2
 15. Parameter Settings for User Entity Instance: CPU:CPU_unit|datapath:datapathunit|register:pc
 16. Parameter Settings for User Entity Instance: CPU:CPU_unit|datapath:datapathunit|mux2:storemux
 17. Parameter Settings for User Entity Instance: CPU:CPU_unit|datapath:datapathunit|mux2:destmux
 18. Parameter Settings for User Entity Instance: CPU:CPU_unit|datapath:datapathunit|adj_u:adj5
 19. Parameter Settings for User Entity Instance: CPU:CPU_unit|datapath:datapathunit|adj:adj6
 20. Parameter Settings for User Entity Instance: CPU:CPU_unit|datapath:datapathunit|adj:adj9
 21. Parameter Settings for User Entity Instance: CPU:CPU_unit|datapath:datapathunit|mux2:alumux
 22. Parameter Settings for User Entity Instance: CPU:CPU_unit|datapath:datapathunit|mux2:aluother_mux
 23. Parameter Settings for User Entity Instance: CPU:CPU_unit|datapath:datapathunit|adder:adder
 24. Parameter Settings for User Entity Instance: CPU:CPU_unit|datapath:datapathunit|nzpcomp:nzp
 25. Parameter Settings for User Entity Instance: CPU:CPU_unit|datapath:datapathunit|register:cc
 26. Parameter Settings for User Entity Instance: CPU:CPU_unit|datapath:datapathunit|mux2:mdrmux
 27. Parameter Settings for User Entity Instance: CPU:CPU_unit|datapath:datapathunit|mux2:regfilemux
 28. Port Connectivity Checks: "CPU:CPU_unit|datapath:datapathunit|mem_wb_flipflop:mem_wb_flipflop"
 29. Port Connectivity Checks: "CPU:CPU_unit|datapath:datapathunit|register:cc"
 30. Port Connectivity Checks: "CPU:CPU_unit|datapath:datapathunit|ex_mem_flipflop:ex_mem_flipflop"
 31. Port Connectivity Checks: "CPU:CPU_unit|datapath:datapathunit|mux2:destmux"
 32. Port Connectivity Checks: "CPU:CPU_unit|datapath:datapathunit|id_ex_flipflop:id_ex_flipflop"
 33. Port Connectivity Checks: "CPU:CPU_unit|datapath:datapathunit|register:pc"
 34. Port Connectivity Checks: "CPU:CPU_unit|datapath:datapathunit"
 35. Port Connectivity Checks: "CPU:CPU_unit"
 36. Elapsed Time Per Partition
 37. Analysis & Synthesis Messages



----------------
; Legal Notice ;
----------------
Copyright (C) 1991-2014 Altera Corporation
Your use of Altera Corporation's design tools, logic functions 
and other software and tools, and its AMPP partner logic 
functions, and any output files from any of the foregoing 
(including device programming or simulation files), and any 
associated documentation or information are expressly subject 
to the terms and conditions of the Altera Program License 
Subscription Agreement, Altera MegaCore Function License 
Agreement, or other applicable license agreement, including, 
without limitation, that your use is for the sole purpose of 
programming logic devices manufactured by Altera and sold by 
Altera or its authorized distributors.  Please refer to the 
applicable agreement for further details.



+-----------------------------------------------------------------------------+
; Analysis & Synthesis Summary                                                ;
+-------------------------------+---------------------------------------------+
; Analysis & Synthesis Status   ; Successful - Mon Mar 28 16:59:17 2016       ;
; Quartus II 32-bit Version     ; 13.1.4 Build 182 03/12/2014 SJ Full Version ;
; Revision Name                 ; mp3                                         ;
; Top-level Entity Name         ; mp3                                         ;
; Family                        ; Stratix III                                 ;
; Logic utilization             ; N/A                                         ;
;     Combinational ALUTs       ; 183                                         ;
;     Memory ALUTs              ; 0                                           ;
;     Dedicated logic registers ; 265                                         ;
; Total registers               ; 265                                         ;
; Total pins                    ; 107                                         ;
; Total virtual pins            ; 0                                           ;
; Total block memory bits       ; 0                                           ;
; DSP block 18-bit elements     ; 0                                           ;
; Total PLLs                    ; 0                                           ;
; Total DLLs                    ; 0                                           ;
+-------------------------------+---------------------------------------------+


+---------------------------------------------------------------------------------------------------------------------------+
; Analysis & Synthesis Settings                                                                                             ;
+---------------------------------------------------------------------------------+--------------------+--------------------+
; Option                                                                          ; Setting            ; Default Value      ;
+---------------------------------------------------------------------------------+--------------------+--------------------+
; Device                                                                          ; EP3SE50F780C2      ;                    ;
; Top-level entity name                                                           ; mp3                ; mp3                ;
; Family name                                                                     ; Stratix III        ; Cyclone IV GX      ;
; Use smart compilation                                                           ; Off                ; Off                ;
; Enable parallel Assembler and TimeQuest Timing Analyzer during compilation      ; On                 ; On                 ;
; Enable compact report table                                                     ; Off                ; Off                ;
; Restructure Multiplexers                                                        ; Auto               ; Auto               ;
; MLAB Add Timing Constraints For Mixed-Port Feed-Through Mode Setting Don't Care ; Off                ; Off                ;
; Create Debugging Nodes for IP Cores                                             ; Off                ; Off                ;
; Preserve fewer node names                                                       ; On                 ; On                 ;
; Disable OpenCore Plus hardware evaluation                                       ; Off                ; Off                ;
; Verilog Version                                                                 ; Verilog_2001       ; Verilog_2001       ;
; VHDL Version                                                                    ; VHDL_1993          ; VHDL_1993          ;
; State Machine Processing                                                        ; Auto               ; Auto               ;
; Safe State Machine                                                              ; Off                ; Off                ;
; Extract Verilog State Machines                                                  ; On                 ; On                 ;
; Extract VHDL State Machines                                                     ; On                 ; On                 ;
; Ignore Verilog initial constructs                                               ; Off                ; Off                ;
; Iteration limit for constant Verilog loops                                      ; 5000               ; 5000               ;
; Iteration limit for non-constant Verilog loops                                  ; 250                ; 250                ;
; Add Pass-Through Logic to Inferred RAMs                                         ; On                 ; On                 ;
; Infer RAMs from Raw Logic                                                       ; On                 ; On                 ;
; Parallel Synthesis                                                              ; On                 ; On                 ;
; DSP Block Balancing                                                             ; Auto               ; Auto               ;
; NOT Gate Push-Back                                                              ; On                 ; On                 ;
; Power-Up Don't Care                                                             ; On                 ; On                 ;
; Remove Redundant Logic Cells                                                    ; Off                ; Off                ;
; Remove Duplicate Registers                                                      ; On                 ; On                 ;
; Ignore CARRY Buffers                                                            ; Off                ; Off                ;
; Ignore CASCADE Buffers                                                          ; Off                ; Off                ;
; Ignore GLOBAL Buffers                                                           ; Off                ; Off                ;
; Ignore ROW GLOBAL Buffers                                                       ; Off                ; Off                ;
; Ignore LCELL Buffers                                                            ; Off                ; Off                ;
; Ignore SOFT Buffers                                                             ; On                 ; On                 ;
; Limit AHDL Integers to 32 Bits                                                  ; Off                ; Off                ;
; Optimization Technique                                                          ; Balanced           ; Balanced           ;
; Carry Chain Length                                                              ; 70                 ; 70                 ;
; Auto Carry Chains                                                               ; On                 ; On                 ;
; Auto Open-Drain Pins                                                            ; On                 ; On                 ;
; Perform WYSIWYG Primitive Resynthesis                                           ; Off                ; Off                ;
; Auto ROM Replacement                                                            ; On                 ; On                 ;
; Auto RAM Replacement                                                            ; On                 ; On                 ;
; Auto DSP Block Replacement                                                      ; On                 ; On                 ;
; Auto Shift Register Replacement                                                 ; Auto               ; Auto               ;
; Allow Shift Register Merging across Hierarchies                                 ; Auto               ; Auto               ;
; Auto Clock Enable Replacement                                                   ; On                 ; On                 ;
; Strict RAM Replacement                                                          ; Off                ; Off                ;
; Allow Synchronous Control Signals                                               ; On                 ; On                 ;
; Force Use of Synchronous Clear Signals                                          ; Off                ; Off                ;
; Auto RAM Block Balancing                                                        ; On                 ; On                 ;
; Auto RAM to Logic Cell Conversion                                               ; Off                ; Off                ;
; Auto Resource Sharing                                                           ; Off                ; Off                ;
; Allow Any RAM Size For Recognition                                              ; Off                ; Off                ;
; Allow Any ROM Size For Recognition                                              ; Off                ; Off                ;
; Allow Any Shift Register Size For Recognition                                   ; Off                ; Off                ;
; Use LogicLock Constraints during Resource Balancing                             ; On                 ; On                 ;
; Ignore translate_off and synthesis_off directives                               ; Off                ; Off                ;
; Timing-Driven Synthesis                                                         ; On                 ; On                 ;
; Report Parameter Settings                                                       ; On                 ; On                 ;
; Report Source Assignments                                                       ; On                 ; On                 ;
; Report Connectivity Checks                                                      ; On                 ; On                 ;
; Ignore Maximum Fan-Out Assignments                                              ; Off                ; Off                ;
; Synchronization Register Chain Length                                           ; 2                  ; 2                  ;
; PowerPlay Power Optimization                                                    ; Normal compilation ; Normal compilation ;
; HDL message level                                                               ; Level2             ; Level2             ;
; Suppress Register Optimization Related Messages                                 ; Off                ; Off                ;
; Number of Removed Registers Reported in Synthesis Report                        ; 5000               ; 5000               ;
; Number of Swept Nodes Reported in Synthesis Report                              ; 5000               ; 5000               ;
; Number of Inverted Registers Reported in Synthesis Report                       ; 100                ; 100                ;
; Clock MUX Protection                                                            ; On                 ; On                 ;
; Auto Gated Clock Conversion                                                     ; Off                ; Off                ;
; Block Design Naming                                                             ; Auto               ; Auto               ;
; SDC constraint protection                                                       ; Off                ; Off                ;
; Synthesis Effort                                                                ; Auto               ; Auto               ;
; Shift Register Replacement - Allow Asynchronous Clear Signal                    ; On                 ; On                 ;
; Pre-Mapping Resynthesis Optimization                                            ; Off                ; Off                ;
; Analysis & Synthesis Message Level                                              ; Medium             ; Medium             ;
; Disable Register Merging Across Hierarchies                                     ; Auto               ; Auto               ;
; Resource Aware Inference For Block RAM                                          ; On                 ; On                 ;
; Synthesis Seed                                                                  ; 1                  ; 1                  ;
+---------------------------------------------------------------------------------+--------------------+--------------------+


+------------------------------------------+
; Parallel Compilation                     ;
+----------------------------+-------------+
; Processors                 ; Number      ;
+----------------------------+-------------+
; Number detected on machine ; 4           ;
; Maximum allowed            ; 4           ;
;                            ;             ;
; Average used               ; 1.00        ;
; Maximum used               ; 2           ;
;                            ;             ;
; Usage by Processor         ; % Time Used ;
;     Processor 1            ; 100.0%      ;
;     Processor 2            ; < 0.1%      ;
;     Processors 3-4         ;   0.0%      ;
+----------------------------+-------------+


+----------------------------------------------------------------------------------------------------------------------------------------+
; Analysis & Synthesis Source Files Read                                                                                                 ;
+----------------------------------+-----------------+------------------------------+------------------------------------------+---------+
; File Name with User-Entered Path ; Used in Netlist ; File Type                    ; File Name with Absolute Path             ; Library ;
+----------------------------------+-----------------+------------------------------+------------------------------------------+---------+
; ex_mem_ff.sv                     ; yes             ; User SystemVerilog HDL File  ; /home/ddelane2/ece411/mp3/ex_mem_ff.sv   ;         ;
; mem_wb_ff.sv                     ; yes             ; User SystemVerilog HDL File  ; /home/ddelane2/ece411/mp3/mem_wb_ff.sv   ;         ;
; if_id_ff.sv                      ; yes             ; User SystemVerilog HDL File  ; /home/ddelane2/ece411/mp3/if_id_ff.sv    ;         ;
; id_ex_ff.sv                      ; yes             ; User SystemVerilog HDL File  ; /home/ddelane2/ece411/mp3/id_ex_ff.sv    ;         ;
; lc3b_types.sv                    ; yes             ; User SystemVerilog HDL File  ; /home/ddelane2/ece411/mp3/lc3b_types.sv  ;         ;
; adj.sv                           ; yes             ; User SystemVerilog HDL File  ; /home/ddelane2/ece411/mp3/adj.sv         ;         ;
; alu.sv                           ; yes             ; User SystemVerilog HDL File  ; /home/ddelane2/ece411/mp3/alu.sv         ;         ;
; datapath.sv                      ; yes             ; User SystemVerilog HDL File  ; /home/ddelane2/ece411/mp3/datapath.sv    ;         ;
; gencc.sv                         ; yes             ; User SystemVerilog HDL File  ; /home/ddelane2/ece411/mp3/gencc.sv       ;         ;
; plus2.sv                         ; yes             ; User SystemVerilog HDL File  ; /home/ddelane2/ece411/mp3/plus2.sv       ;         ;
; regfile.sv                       ; yes             ; User SystemVerilog HDL File  ; /home/ddelane2/ece411/mp3/regfile.sv     ;         ;
; register.sv                      ; yes             ; User SystemVerilog HDL File  ; /home/ddelane2/ece411/mp3/register.sv    ;         ;
; mux2.sv                          ; yes             ; User SystemVerilog HDL File  ; /home/ddelane2/ece411/mp3/mux2.sv        ;         ;
; adder.sv                         ; yes             ; User SystemVerilog HDL File  ; /home/ddelane2/ece411/mp3/adder.sv       ;         ;
; nzpcomp.sv                       ; yes             ; User SystemVerilog HDL File  ; /home/ddelane2/ece411/mp3/nzpcomp.sv     ;         ;
; adju.sv                          ; yes             ; User SystemVerilog HDL File  ; /home/ddelane2/ece411/mp3/adju.sv        ;         ;
; CPU.sv                           ; yes             ; User SystemVerilog HDL File  ; /home/ddelane2/ece411/mp3/CPU.sv         ;         ;
; mp3.sv                           ; yes             ; User SystemVerilog HDL File  ; /home/ddelane2/ece411/mp3/mp3.sv         ;         ;
; rom_control.sv                   ; yes             ; User SystemVerilog HDL File  ; /home/ddelane2/ece411/mp3/rom_control.sv ;         ;
+----------------------------------+-----------------+------------------------------+------------------------------------------+---------+


+-----------------------------------------------------------+
; Analysis & Synthesis Resource Usage Summary               ;
+-----------------------------------------------+-----------+
; Resource                                      ; Usage     ;
+-----------------------------------------------+-----------+
; Estimated ALUTs Used                          ; 183       ;
;     -- Combinational ALUTs                    ; 183       ;
;     -- Memory ALUTs                           ; 0         ;
;     -- LUT_REGs                               ; 0         ;
; Dedicated logic registers                     ; 265       ;
;                                               ;           ;
; Estimated ALUTs Unavailable                   ; 64        ;
;     -- Due to unpartnered combinational logic ; 64        ;
;     -- Due to Memory ALUTs                    ; 0         ;
;                                               ;           ;
; Total combinational functions                 ; 183       ;
; Combinational ALUT usage by number of inputs  ;           ;
;     -- 7 input functions                      ; 64        ;
;     -- 6 input functions                      ; 0         ;
;     -- 5 input functions                      ; 23        ;
;     -- 4 input functions                      ; 29        ;
;     -- <=3 input functions                    ; 67        ;
;                                               ;           ;
; Combinational ALUTs by mode                   ;           ;
;     -- normal mode                            ; 89        ;
;     -- extended LUT mode                      ; 64        ;
;     -- arithmetic mode                        ; 30        ;
;     -- shared arithmetic mode                 ; 0         ;
;                                               ;           ;
; Estimated ALUT/register pairs used            ; 383       ;
;                                               ;           ;
; Total registers                               ; 265       ;
;     -- Dedicated logic registers              ; 265       ;
;     -- I/O registers                          ; 0         ;
;     -- LUT_REGs                               ; 0         ;
;                                               ;           ;
;                                               ;           ;
; I/O pins                                      ; 107       ;
; DSP block 18-bit elements                     ; 0         ;
; Maximum fan-out node                          ; clk~input ;
; Maximum fan-out                               ; 265       ;
; Total fan-out                                 ; 1681      ;
; Average fan-out                               ; 2.54      ;
+-----------------------------------------------+-----------+


+-------------------------------------------------------------------------------------------------------------------------------------------------------------------------------------------------------------------------------------------------------------------------------+
; Analysis & Synthesis Resource Utilization by Entity                                                                                                                                                                                                                           ;
+--------------------------------------------+-------------------+--------------+-------------------+--------------+---------+-----------+-----------+-----------+------+--------------+-------------------------------------------------------------------------+--------------+
; Compilation Hierarchy Node                 ; LC Combinationals ; LC Registers ; Block Memory Bits ; DSP Elements ; DSP 9x9 ; DSP 12x12 ; DSP 18x18 ; DSP 36x36 ; Pins ; Virtual Pins ; Full Hierarchy Name                                                     ; Library Name ;
+--------------------------------------------+-------------------+--------------+-------------------+--------------+---------+-----------+-----------+-----------+------+--------------+-------------------------------------------------------------------------+--------------+
; |mp3                                       ; 183 (0)           ; 265 (0)      ; 0                 ; 0            ; 0       ; 0         ; 0         ; 0         ; 107  ; 0            ; |mp3                                                                    ; work         ;
;    |CPU:CPU_unit|                          ; 183 (0)           ; 265 (0)      ; 0                 ; 0            ; 0       ; 0         ; 0         ; 0         ; 0    ; 0            ; |mp3|CPU:CPU_unit                                                       ; work         ;
;       |control_rom:control_rom|            ; 9 (9)             ; 0 (0)        ; 0                 ; 0            ; 0       ; 0         ; 0         ; 0         ; 0    ; 0            ; |mp3|CPU:CPU_unit|control_rom:control_rom                               ; work         ;
;       |datapath:datapathunit|              ; 174 (0)           ; 265 (0)      ; 0                 ; 0            ; 0       ; 0         ; 0         ; 0         ; 0    ; 0            ; |mp3|CPU:CPU_unit|datapath:datapathunit                                 ; work         ;
;          |alu:alu|                         ; 38 (38)           ; 0 (0)        ; 0                 ; 0            ; 0       ; 0         ; 0         ; 0         ; 0    ; 0            ; |mp3|CPU:CPU_unit|datapath:datapathunit|alu:alu                         ; work         ;
;          |ex_mem_flipflop:ex_mem_flipflop| ; 0 (0)             ; 21 (21)      ; 0                 ; 0            ; 0       ; 0         ; 0         ; 0         ; 0    ; 0            ; |mp3|CPU:CPU_unit|datapath:datapathunit|ex_mem_flipflop:ex_mem_flipflop ; work         ;
;          |id_ex_flipflop:id_ex_flipflop|   ; 0 (0)             ; 46 (46)      ; 0                 ; 0            ; 0       ; 0         ; 0         ; 0         ; 0    ; 0            ; |mp3|CPU:CPU_unit|datapath:datapathunit|id_ex_flipflop:id_ex_flipflop   ; work         ;
;          |if_id_flipflop:if_id_flipflop|   ; 0 (0)             ; 18 (18)      ; 0                 ; 0            ; 0       ; 0         ; 0         ; 0         ; 0    ; 0            ; |mp3|CPU:CPU_unit|datapath:datapathunit|if_id_flipflop:if_id_flipflop   ; work         ;
;          |mem_wb_flipflop:mem_wb_flipflop| ; 0 (0)             ; 37 (37)      ; 0                 ; 0            ; 0       ; 0         ; 0         ; 0         ; 0    ; 0            ; |mp3|CPU:CPU_unit|datapath:datapathunit|mem_wb_flipflop:mem_wb_flipflop ; work         ;
;          |mux2:alumux|                     ; 14 (14)           ; 0 (0)        ; 0                 ; 0            ; 0       ; 0         ; 0         ; 0         ; 0    ; 0            ; |mp3|CPU:CPU_unit|datapath:datapathunit|mux2:alumux                     ; work         ;
;          |mux2:mdrmux|                     ; 16 (16)           ; 0 (0)        ; 0                 ; 0            ; 0       ; 0         ; 0         ; 0         ; 0    ; 0            ; |mp3|CPU:CPU_unit|datapath:datapathunit|mux2:mdrmux                     ; work         ;
;          |mux2:regfilemux|                 ; 16 (16)           ; 0 (0)        ; 0                 ; 0            ; 0       ; 0         ; 0         ; 0         ; 0    ; 0            ; |mp3|CPU:CPU_unit|datapath:datapathunit|mux2:regfilemux                 ; work         ;
;          |mux2:storemux|                   ; 3 (3)             ; 0 (0)        ; 0                 ; 0            ; 0       ; 0         ; 0         ; 0         ; 0    ; 0            ; |mp3|CPU:CPU_unit|datapath:datapathunit|mux2:storemux                   ; work         ;
;          |plus2:pc_plus2|                  ; 14 (14)           ; 0 (0)        ; 0                 ; 0            ; 0       ; 0         ; 0         ; 0         ; 0    ; 0            ; |mp3|CPU:CPU_unit|datapath:datapathunit|plus2:pc_plus2                  ; work         ;
;          |regfile:registerfile|            ; 72 (72)           ; 128 (128)    ; 0                 ; 0            ; 0       ; 0         ; 0         ; 0         ; 0    ; 0            ; |mp3|CPU:CPU_unit|datapath:datapathunit|regfile:registerfile            ; work         ;
;          |register:pc|                     ; 1 (1)             ; 15 (15)      ; 0                 ; 0            ; 0       ; 0         ; 0         ; 0         ; 0    ; 0            ; |mp3|CPU:CPU_unit|datapath:datapathunit|register:pc                     ; work         ;
+--------------------------------------------+-------------------+--------------+-------------------+--------------+---------+-----------+-----------+-----------+------+--------------+-------------------------------------------------------------------------+--------------+
Note: For table entries with two numbers listed, the numbers in parentheses indicate the number of resources of the given type used by the specific entity alone. The numbers listed outside of parentheses indicate the total resources of the given type used by the specific entity and all of its sub-entities in the hierarchy.


+---------------------------------------------------------------------------------------------------------------------------+
; User-Specified and Inferred Latches                                                                                       ;
+----------------------------------------------------+---------------------------------------------+------------------------+
; Latch Name                                         ; Latch Enable Signal                         ; Free of Timing Hazards ;
+----------------------------------------------------+---------------------------------------------+------------------------+
; CPU:CPU_unit|control_rom:control_rom|ctrl.aluop[0] ; CPU:CPU_unit|control_rom:control_rom|Equal5 ; yes                    ;
; CPU:CPU_unit|control_rom:control_rom|ctrl.aluop[1] ; CPU:CPU_unit|control_rom:control_rom|Equal5 ; yes                    ;
; Number of user-specified and inferred latches = 2  ;                                             ;                        ;
+----------------------------------------------------+---------------------------------------------+------------------------+
Note: All latches listed above may not be present at the end of synthesis due to various synthesis optimizations.


+---------------------------------------------------------------------------------------------------------------------------------------------------------------------------------------------------------------------------+
; Registers Removed During Synthesis                                                                                                                                                                                        ;
+---------------------------------------------------------------------------------------------------------+-----------------------------------------------------------------------------------------------------------------+
; Register name                                                                                           ; Reason for Removal                                                                                              ;
+---------------------------------------------------------------------------------------------------------+-----------------------------------------------------------------------------------------------------------------+
; CPU:CPU_unit|datapath:datapathunit|id_ex_flipflop:id_ex_flipflop|adj9_out_ff[0]                         ; Stuck at GND due to stuck port data_in                                                                          ;
; CPU:CPU_unit|datapath:datapathunit|id_ex_flipflop:id_ex_flipflop|adj6_out_ff[0]                         ; Stuck at GND due to stuck port data_in                                                                          ;
; CPU:CPU_unit|datapath:datapathunit|ex_mem_flipflop:ex_mem_flipflop|adder_out_ff[0..15]                  ; Lost fanout                                                                                                     ;
; CPU:CPU_unit|datapath:datapathunit|id_ex_flipflop:id_ex_flipflop|pc_plus2_out_ff[15]                    ; Lost fanout                                                                                                     ;
; CPU:CPU_unit|datapath:datapathunit|if_id_flipflop:if_id_flipflop|pc_plus2_out_ff[15]                    ; Lost fanout                                                                                                     ;
; CPU:CPU_unit|datapath:datapathunit|id_ex_flipflop:id_ex_flipflop|pc_plus2_out_ff[14]                    ; Lost fanout                                                                                                     ;
; CPU:CPU_unit|datapath:datapathunit|if_id_flipflop:if_id_flipflop|pc_plus2_out_ff[14]                    ; Lost fanout                                                                                                     ;
; CPU:CPU_unit|datapath:datapathunit|id_ex_flipflop:id_ex_flipflop|pc_plus2_out_ff[13]                    ; Lost fanout                                                                                                     ;
; CPU:CPU_unit|datapath:datapathunit|if_id_flipflop:if_id_flipflop|pc_plus2_out_ff[13]                    ; Lost fanout                                                                                                     ;
; CPU:CPU_unit|datapath:datapathunit|id_ex_flipflop:id_ex_flipflop|pc_plus2_out_ff[12]                    ; Lost fanout                                                                                                     ;
; CPU:CPU_unit|datapath:datapathunit|if_id_flipflop:if_id_flipflop|pc_plus2_out_ff[12]                    ; Lost fanout                                                                                                     ;
; CPU:CPU_unit|datapath:datapathunit|id_ex_flipflop:id_ex_flipflop|pc_plus2_out_ff[11]                    ; Lost fanout                                                                                                     ;
; CPU:CPU_unit|datapath:datapathunit|if_id_flipflop:if_id_flipflop|pc_plus2_out_ff[11]                    ; Lost fanout                                                                                                     ;
; CPU:CPU_unit|datapath:datapathunit|id_ex_flipflop:id_ex_flipflop|pc_plus2_out_ff[10]                    ; Lost fanout                                                                                                     ;
; CPU:CPU_unit|datapath:datapathunit|if_id_flipflop:if_id_flipflop|pc_plus2_out_ff[10]                    ; Lost fanout                                                                                                     ;
; CPU:CPU_unit|datapath:datapathunit|id_ex_flipflop:id_ex_flipflop|pc_plus2_out_ff[9]                     ; Lost fanout                                                                                                     ;
; CPU:CPU_unit|datapath:datapathunit|if_id_flipflop:if_id_flipflop|pc_plus2_out_ff[9]                     ; Lost fanout                                                                                                     ;
; CPU:CPU_unit|datapath:datapathunit|id_ex_flipflop:id_ex_flipflop|pc_plus2_out_ff[8]                     ; Lost fanout                                                                                                     ;
; CPU:CPU_unit|datapath:datapathunit|if_id_flipflop:if_id_flipflop|pc_plus2_out_ff[8]                     ; Lost fanout                                                                                                     ;
; CPU:CPU_unit|datapath:datapathunit|id_ex_flipflop:id_ex_flipflop|pc_plus2_out_ff[7]                     ; Lost fanout                                                                                                     ;
; CPU:CPU_unit|datapath:datapathunit|if_id_flipflop:if_id_flipflop|pc_plus2_out_ff[7]                     ; Lost fanout                                                                                                     ;
; CPU:CPU_unit|datapath:datapathunit|id_ex_flipflop:id_ex_flipflop|pc_plus2_out_ff[6]                     ; Lost fanout                                                                                                     ;
; CPU:CPU_unit|datapath:datapathunit|if_id_flipflop:if_id_flipflop|pc_plus2_out_ff[6]                     ; Lost fanout                                                                                                     ;
; CPU:CPU_unit|datapath:datapathunit|id_ex_flipflop:id_ex_flipflop|pc_plus2_out_ff[5]                     ; Lost fanout                                                                                                     ;
; CPU:CPU_unit|datapath:datapathunit|if_id_flipflop:if_id_flipflop|pc_plus2_out_ff[5]                     ; Lost fanout                                                                                                     ;
; CPU:CPU_unit|datapath:datapathunit|id_ex_flipflop:id_ex_flipflop|pc_plus2_out_ff[4]                     ; Lost fanout                                                                                                     ;
; CPU:CPU_unit|datapath:datapathunit|if_id_flipflop:if_id_flipflop|pc_plus2_out_ff[4]                     ; Lost fanout                                                                                                     ;
; CPU:CPU_unit|datapath:datapathunit|id_ex_flipflop:id_ex_flipflop|pc_plus2_out_ff[3]                     ; Lost fanout                                                                                                     ;
; CPU:CPU_unit|datapath:datapathunit|if_id_flipflop:if_id_flipflop|pc_plus2_out_ff[3]                     ; Lost fanout                                                                                                     ;
; CPU:CPU_unit|datapath:datapathunit|id_ex_flipflop:id_ex_flipflop|pc_plus2_out_ff[2]                     ; Lost fanout                                                                                                     ;
; CPU:CPU_unit|datapath:datapathunit|if_id_flipflop:if_id_flipflop|pc_plus2_out_ff[2]                     ; Lost fanout                                                                                                     ;
; CPU:CPU_unit|datapath:datapathunit|id_ex_flipflop:id_ex_flipflop|pc_plus2_out_ff[1]                     ; Lost fanout                                                                                                     ;
; CPU:CPU_unit|datapath:datapathunit|if_id_flipflop:if_id_flipflop|pc_plus2_out_ff[1]                     ; Lost fanout                                                                                                     ;
; CPU:CPU_unit|datapath:datapathunit|id_ex_flipflop:id_ex_flipflop|pc_plus2_out_ff[0]                     ; Lost fanout                                                                                                     ;
; CPU:CPU_unit|datapath:datapathunit|if_id_flipflop:if_id_flipflop|pc_plus2_out_ff[0]                     ; Lost fanout                                                                                                     ;
; CPU:CPU_unit|datapath:datapathunit|id_ex_flipflop:id_ex_flipflop|adj9_out_ff[9..15]                     ; Lost fanout                                                                                                     ;
; CPU:CPU_unit|datapath:datapathunit|if_id_flipflop:if_id_flipflop|offset9[8]                             ; Lost fanout                                                                                                     ;
; CPU:CPU_unit|datapath:datapathunit|id_ex_flipflop:id_ex_flipflop|adj9_out_ff[8]                         ; Lost fanout                                                                                                     ;
; CPU:CPU_unit|datapath:datapathunit|if_id_flipflop:if_id_flipflop|offset9[7]                             ; Lost fanout                                                                                                     ;
; CPU:CPU_unit|datapath:datapathunit|id_ex_flipflop:id_ex_flipflop|adj9_out_ff[7]                         ; Lost fanout                                                                                                     ;
; CPU:CPU_unit|datapath:datapathunit|if_id_flipflop:if_id_flipflop|offset9[6]                             ; Lost fanout                                                                                                     ;
; CPU:CPU_unit|datapath:datapathunit|id_ex_flipflop:id_ex_flipflop|adj9_out_ff[6]                         ; Lost fanout                                                                                                     ;
; CPU:CPU_unit|datapath:datapathunit|if_id_flipflop:if_id_flipflop|offset9[5]                             ; Lost fanout                                                                                                     ;
; CPU:CPU_unit|datapath:datapathunit|id_ex_flipflop:id_ex_flipflop|adj9_out_ff[5]                         ; Lost fanout                                                                                                     ;
; CPU:CPU_unit|datapath:datapathunit|if_id_flipflop:if_id_flipflop|offset9[4]                             ; Lost fanout                                                                                                     ;
; CPU:CPU_unit|datapath:datapathunit|id_ex_flipflop:id_ex_flipflop|adj9_out_ff[4]                         ; Lost fanout                                                                                                     ;
; CPU:CPU_unit|datapath:datapathunit|if_id_flipflop:if_id_flipflop|offset9[3]                             ; Lost fanout                                                                                                     ;
; CPU:CPU_unit|datapath:datapathunit|id_ex_flipflop:id_ex_flipflop|adj9_out_ff[3]                         ; Lost fanout                                                                                                     ;
; CPU:CPU_unit|datapath:datapathunit|if_id_flipflop:if_id_flipflop|offset9[2]                             ; Lost fanout                                                                                                     ;
; CPU:CPU_unit|datapath:datapathunit|id_ex_flipflop:id_ex_flipflop|adj9_out_ff[2]                         ; Lost fanout                                                                                                     ;
; CPU:CPU_unit|datapath:datapathunit|if_id_flipflop:if_id_flipflop|offset9[1]                             ; Lost fanout                                                                                                     ;
; CPU:CPU_unit|datapath:datapathunit|id_ex_flipflop:id_ex_flipflop|adj9_out_ff[1]                         ; Lost fanout                                                                                                     ;
; CPU:CPU_unit|datapath:datapathunit|if_id_flipflop:if_id_flipflop|offset9[0]                             ; Lost fanout                                                                                                     ;
; CPU:CPU_unit|datapath:datapathunit|if_id_flipflop:if_id_flipflop|control_if_id_out_ff.destmux_sel       ; Stuck at GND due to stuck port data_in                                                                          ;
; CPU:CPU_unit|datapath:datapathunit|if_id_flipflop:if_id_flipflop|control_if_id_out_ff.aluop[2,3]        ; Stuck at GND due to stuck port data_in                                                                          ;
; CPU:CPU_unit|datapath:datapathunit|id_ex_flipflop:id_ex_flipflop|control_id_ex_out_ff.aluop[2,3]        ; Stuck at GND due to stuck port data_in                                                                          ;
; CPU:CPU_unit|datapath:datapathunit|id_ex_flipflop:id_ex_flipflop|adj5_out_ff[0]                         ; Merged with CPU:CPU_unit|datapath:datapathunit|id_ex_flipflop:id_ex_flipflop|adj6_out_ff[1]                     ;
; CPU:CPU_unit|datapath:datapathunit|id_ex_flipflop:id_ex_flipflop|adj5_out_ff[1]                         ; Merged with CPU:CPU_unit|datapath:datapathunit|id_ex_flipflop:id_ex_flipflop|adj6_out_ff[2]                     ;
; CPU:CPU_unit|datapath:datapathunit|id_ex_flipflop:id_ex_flipflop|adj5_out_ff[2]                         ; Merged with CPU:CPU_unit|datapath:datapathunit|id_ex_flipflop:id_ex_flipflop|adj6_out_ff[3]                     ;
; CPU:CPU_unit|datapath:datapathunit|id_ex_flipflop:id_ex_flipflop|adj5_out_ff[3]                         ; Merged with CPU:CPU_unit|datapath:datapathunit|id_ex_flipflop:id_ex_flipflop|adj6_out_ff[4]                     ;
; CPU:CPU_unit|datapath:datapathunit|id_ex_flipflop:id_ex_flipflop|adj5_out_ff[4..15]                     ; Merged with CPU:CPU_unit|datapath:datapathunit|id_ex_flipflop:id_ex_flipflop|adj6_out_ff[5]                     ;
; CPU:CPU_unit|datapath:datapathunit|id_ex_flipflop:id_ex_flipflop|adj6_out_ff[7..15]                     ; Merged with CPU:CPU_unit|datapath:datapathunit|id_ex_flipflop:id_ex_flipflop|adj6_out_ff[6]                     ;
; CPU:CPU_unit|datapath:datapathunit|ex_mem_flipflop:ex_mem_flipflop|control_ex_mem_out_ff.regfilemux_sel ; Merged with CPU:CPU_unit|datapath:datapathunit|ex_mem_flipflop:ex_mem_flipflop|control_ex_mem_out_ff.mdrmux_sel ;
; CPU:CPU_unit|datapath:datapathunit|id_ex_flipflop:id_ex_flipflop|mem_wdata_out_ff[5]                    ; Merged with CPU:CPU_unit|datapath:datapathunit|id_ex_flipflop:id_ex_flipflop|adj6_out_ff[6]                     ;
; CPU:CPU_unit|datapath:datapathunit|id_ex_flipflop:id_ex_flipflop|control_id_ex_out_ff.regfilemux_sel    ; Merged with CPU:CPU_unit|datapath:datapathunit|id_ex_flipflop:id_ex_flipflop|control_id_ex_out_ff.mdrmux_sel    ;
; CPU:CPU_unit|datapath:datapathunit|if_id_flipflop:if_id_flipflop|offset6[5]                             ; Merged with CPU:CPU_unit|datapath:datapathunit|if_id_flipflop:if_id_flipflop|mem_rdata_out_ff[5]                ;
; CPU:CPU_unit|datapath:datapathunit|if_id_flipflop:if_id_flipflop|src2[2]                                ; Merged with CPU:CPU_unit|datapath:datapathunit|if_id_flipflop:if_id_flipflop|offset6[2]                         ;
; CPU:CPU_unit|datapath:datapathunit|if_id_flipflop:if_id_flipflop|src2[1]                                ; Merged with CPU:CPU_unit|datapath:datapathunit|if_id_flipflop:if_id_flipflop|offset6[1]                         ;
; CPU:CPU_unit|datapath:datapathunit|if_id_flipflop:if_id_flipflop|src2[0]                                ; Merged with CPU:CPU_unit|datapath:datapathunit|if_id_flipflop:if_id_flipflop|offset6[0]                         ;
; CPU:CPU_unit|datapath:datapathunit|if_id_flipflop:if_id_flipflop|control_if_id_out_ff.regfilemux_sel    ; Merged with CPU:CPU_unit|datapath:datapathunit|if_id_flipflop:if_id_flipflop|control_if_id_out_ff.mdrmux_sel    ;
; CPU:CPU_unit|datapath:datapathunit|register:pc|data[0]                                                  ; Stuck at GND due to stuck port data_in                                                                          ;
; Total Number of Removed Registers = 113                                                                 ;                                                                                                                 ;
+---------------------------------------------------------------------------------------------------------+-----------------------------------------------------------------------------------------------------------------+


+-----------------------------------------------------------------------------------------------------------------------------------------------------------------------------------------------------------------------------+
; Removed Registers Triggering Further Register Optimizations                                                                                                                                                                 ;
+------------------------------------------------------------------------------------------------+---------------------------+------------------------------------------------------------------------------------------------+
; Register name                                                                                  ; Reason for Removal        ; Registers Removed due to This Register                                                         ;
+------------------------------------------------------------------------------------------------+---------------------------+------------------------------------------------------------------------------------------------+
; CPU:CPU_unit|datapath:datapathunit|id_ex_flipflop:id_ex_flipflop|adj9_out_ff[0]                ; Stuck at GND              ; CPU:CPU_unit|datapath:datapathunit|id_ex_flipflop:id_ex_flipflop|pc_plus2_out_ff[15],          ;
;                                                                                                ; due to stuck port data_in ; CPU:CPU_unit|datapath:datapathunit|if_id_flipflop:if_id_flipflop|pc_plus2_out_ff[15],          ;
;                                                                                                ;                           ; CPU:CPU_unit|datapath:datapathunit|id_ex_flipflop:id_ex_flipflop|pc_plus2_out_ff[14],          ;
;                                                                                                ;                           ; CPU:CPU_unit|datapath:datapathunit|if_id_flipflop:if_id_flipflop|pc_plus2_out_ff[14],          ;
;                                                                                                ;                           ; CPU:CPU_unit|datapath:datapathunit|id_ex_flipflop:id_ex_flipflop|pc_plus2_out_ff[13],          ;
;                                                                                                ;                           ; CPU:CPU_unit|datapath:datapathunit|if_id_flipflop:if_id_flipflop|pc_plus2_out_ff[13],          ;
;                                                                                                ;                           ; CPU:CPU_unit|datapath:datapathunit|id_ex_flipflop:id_ex_flipflop|pc_plus2_out_ff[12],          ;
;                                                                                                ;                           ; CPU:CPU_unit|datapath:datapathunit|if_id_flipflop:if_id_flipflop|pc_plus2_out_ff[12],          ;
;                                                                                                ;                           ; CPU:CPU_unit|datapath:datapathunit|id_ex_flipflop:id_ex_flipflop|pc_plus2_out_ff[11],          ;
;                                                                                                ;                           ; CPU:CPU_unit|datapath:datapathunit|if_id_flipflop:if_id_flipflop|pc_plus2_out_ff[11],          ;
;                                                                                                ;                           ; CPU:CPU_unit|datapath:datapathunit|id_ex_flipflop:id_ex_flipflop|pc_plus2_out_ff[10],          ;
;                                                                                                ;                           ; CPU:CPU_unit|datapath:datapathunit|if_id_flipflop:if_id_flipflop|pc_plus2_out_ff[10],          ;
;                                                                                                ;                           ; CPU:CPU_unit|datapath:datapathunit|id_ex_flipflop:id_ex_flipflop|pc_plus2_out_ff[9],           ;
;                                                                                                ;                           ; CPU:CPU_unit|datapath:datapathunit|if_id_flipflop:if_id_flipflop|pc_plus2_out_ff[9],           ;
;                                                                                                ;                           ; CPU:CPU_unit|datapath:datapathunit|id_ex_flipflop:id_ex_flipflop|pc_plus2_out_ff[8],           ;
;                                                                                                ;                           ; CPU:CPU_unit|datapath:datapathunit|if_id_flipflop:if_id_flipflop|pc_plus2_out_ff[8]            ;
; CPU:CPU_unit|datapath:datapathunit|id_ex_flipflop:id_ex_flipflop|pc_plus2_out_ff[7]            ; Lost Fanouts              ; CPU:CPU_unit|datapath:datapathunit|if_id_flipflop:if_id_flipflop|pc_plus2_out_ff[7]            ;
; CPU:CPU_unit|datapath:datapathunit|id_ex_flipflop:id_ex_flipflop|pc_plus2_out_ff[6]            ; Lost Fanouts              ; CPU:CPU_unit|datapath:datapathunit|if_id_flipflop:if_id_flipflop|pc_plus2_out_ff[6]            ;
; CPU:CPU_unit|datapath:datapathunit|id_ex_flipflop:id_ex_flipflop|pc_plus2_out_ff[5]            ; Lost Fanouts              ; CPU:CPU_unit|datapath:datapathunit|if_id_flipflop:if_id_flipflop|pc_plus2_out_ff[5]            ;
; CPU:CPU_unit|datapath:datapathunit|id_ex_flipflop:id_ex_flipflop|pc_plus2_out_ff[4]            ; Lost Fanouts              ; CPU:CPU_unit|datapath:datapathunit|if_id_flipflop:if_id_flipflop|pc_plus2_out_ff[4]            ;
; CPU:CPU_unit|datapath:datapathunit|id_ex_flipflop:id_ex_flipflop|pc_plus2_out_ff[3]            ; Lost Fanouts              ; CPU:CPU_unit|datapath:datapathunit|if_id_flipflop:if_id_flipflop|pc_plus2_out_ff[3]            ;
; CPU:CPU_unit|datapath:datapathunit|id_ex_flipflop:id_ex_flipflop|pc_plus2_out_ff[2]            ; Lost Fanouts              ; CPU:CPU_unit|datapath:datapathunit|if_id_flipflop:if_id_flipflop|pc_plus2_out_ff[2]            ;
; CPU:CPU_unit|datapath:datapathunit|id_ex_flipflop:id_ex_flipflop|pc_plus2_out_ff[1]            ; Lost Fanouts              ; CPU:CPU_unit|datapath:datapathunit|if_id_flipflop:if_id_flipflop|pc_plus2_out_ff[1]            ;
; CPU:CPU_unit|datapath:datapathunit|id_ex_flipflop:id_ex_flipflop|pc_plus2_out_ff[0]            ; Lost Fanouts              ; CPU:CPU_unit|datapath:datapathunit|if_id_flipflop:if_id_flipflop|pc_plus2_out_ff[0]            ;
; CPU:CPU_unit|datapath:datapathunit|id_ex_flipflop:id_ex_flipflop|adj9_out_ff[15]               ; Lost Fanouts              ; CPU:CPU_unit|datapath:datapathunit|if_id_flipflop:if_id_flipflop|offset9[8]                    ;
; CPU:CPU_unit|datapath:datapathunit|id_ex_flipflop:id_ex_flipflop|adj9_out_ff[8]                ; Lost Fanouts              ; CPU:CPU_unit|datapath:datapathunit|if_id_flipflop:if_id_flipflop|offset9[7]                    ;
; CPU:CPU_unit|datapath:datapathunit|id_ex_flipflop:id_ex_flipflop|adj9_out_ff[7]                ; Lost Fanouts              ; CPU:CPU_unit|datapath:datapathunit|if_id_flipflop:if_id_flipflop|offset9[6]                    ;
; CPU:CPU_unit|datapath:datapathunit|id_ex_flipflop:id_ex_flipflop|adj9_out_ff[6]                ; Lost Fanouts              ; CPU:CPU_unit|datapath:datapathunit|if_id_flipflop:if_id_flipflop|offset9[5]                    ;
; CPU:CPU_unit|datapath:datapathunit|id_ex_flipflop:id_ex_flipflop|adj9_out_ff[5]                ; Lost Fanouts              ; CPU:CPU_unit|datapath:datapathunit|if_id_flipflop:if_id_flipflop|offset9[4]                    ;
; CPU:CPU_unit|datapath:datapathunit|id_ex_flipflop:id_ex_flipflop|adj9_out_ff[4]                ; Lost Fanouts              ; CPU:CPU_unit|datapath:datapathunit|if_id_flipflop:if_id_flipflop|offset9[3]                    ;
; CPU:CPU_unit|datapath:datapathunit|id_ex_flipflop:id_ex_flipflop|adj9_out_ff[3]                ; Lost Fanouts              ; CPU:CPU_unit|datapath:datapathunit|if_id_flipflop:if_id_flipflop|offset9[2]                    ;
; CPU:CPU_unit|datapath:datapathunit|id_ex_flipflop:id_ex_flipflop|adj9_out_ff[2]                ; Lost Fanouts              ; CPU:CPU_unit|datapath:datapathunit|if_id_flipflop:if_id_flipflop|offset9[1]                    ;
; CPU:CPU_unit|datapath:datapathunit|id_ex_flipflop:id_ex_flipflop|adj9_out_ff[1]                ; Lost Fanouts              ; CPU:CPU_unit|datapath:datapathunit|if_id_flipflop:if_id_flipflop|offset9[0]                    ;
; CPU:CPU_unit|datapath:datapathunit|if_id_flipflop:if_id_flipflop|control_if_id_out_ff.aluop[2] ; Stuck at GND              ; CPU:CPU_unit|datapath:datapathunit|id_ex_flipflop:id_ex_flipflop|control_id_ex_out_ff.aluop[2] ;
;                                                                                                ; due to stuck port data_in ;                                                                                                ;
; CPU:CPU_unit|datapath:datapathunit|if_id_flipflop:if_id_flipflop|control_if_id_out_ff.aluop[3] ; Stuck at GND              ; CPU:CPU_unit|datapath:datapathunit|id_ex_flipflop:id_ex_flipflop|control_id_ex_out_ff.aluop[3] ;
;                                                                                                ; due to stuck port data_in ;                                                                                                ;
+------------------------------------------------------------------------------------------------+---------------------------+------------------------------------------------------------------------------------------------+


+------------------------------------------------------+
; General Register Statistics                          ;
+----------------------------------------------+-------+
; Statistic                                    ; Value ;
+----------------------------------------------+-------+
; Total registers                              ; 265   ;
; Number of registers using Synchronous Clear  ; 0     ;
; Number of registers using Synchronous Load   ; 0     ;
; Number of registers using Asynchronous Clear ; 0     ;
; Number of registers using Asynchronous Load  ; 0     ;
; Number of registers using Clock Enable       ; 128   ;
; Number of registers using Preset             ; 0     ;
+----------------------------------------------+-------+


+-----------------------------------------------------------------------------------------------------------------------------------------------------------------------------------------------------+
; Multiplexer Restructuring Statistics (Restructuring Performed)                                                                                                                                      ;
+--------------------+-----------+---------------+----------------------+------------------------+------------+---------------------------------------------------------------------------------------+
; Multiplexer Inputs ; Bus Width ; Baseline Area ; Area if Restructured ; Saving if Restructured ; Registered ; Example Multiplexer Output                                                            ;
+--------------------+-----------+---------------+----------------------+------------------------+------------+---------------------------------------------------------------------------------------+
; 4:1                ; 16 bits   ; 32 ALUTs      ; 32 ALUTs             ; 0 ALUTs                ; Yes        ; |mp3|CPU:CPU_unit|datapath:datapathunit|ex_mem_flipflop:ex_mem_flipflop|alu_out_ff[2] ;
; 3:1                ; 14 bits   ; 28 ALUTs      ; 28 ALUTs             ; 0 ALUTs                ; No         ; |mp3|CPU:CPU_unit|datapath:datapathunit|mux2:alumux|f[15]                             ;
+--------------------+-----------+---------------+----------------------+------------------------+------------+---------------------------------------------------------------------------------------+


+--------------------------------------------------------------------------------------------+
; Parameter Settings for User Entity Instance: CPU:CPU_unit|datapath:datapathunit|mux2:pcmux ;
+----------------+-------+-------------------------------------------------------------------+
; Parameter Name ; Value ; Type                                                              ;
+----------------+-------+-------------------------------------------------------------------+
; width          ; 16    ; Signed Integer                                                    ;
+----------------+-------+-------------------------------------------------------------------+
Note: In order to hide this table in the UI and the text report file, please set the "Show Parameter Settings in Synthesis Report" option in "Analysis and Synthesis Settings -> More Settings" to "Off".


+------------------------------------------------------------------------------------------------+
; Parameter Settings for User Entity Instance: CPU:CPU_unit|datapath:datapathunit|plus2:pc_plus2 ;
+----------------+-------+-----------------------------------------------------------------------+
; Parameter Name ; Value ; Type                                                                  ;
+----------------+-------+-----------------------------------------------------------------------+
; width          ; 16    ; Signed Integer                                                        ;
+----------------+-------+-----------------------------------------------------------------------+
Note: In order to hide this table in the UI and the text report file, please set the "Show Parameter Settings in Synthesis Report" option in "Analysis and Synthesis Settings -> More Settings" to "Off".


+---------------------------------------------------------------------------------------------+
; Parameter Settings for User Entity Instance: CPU:CPU_unit|datapath:datapathunit|register:pc ;
+----------------+-------+--------------------------------------------------------------------+
; Parameter Name ; Value ; Type                                                               ;
+----------------+-------+--------------------------------------------------------------------+
; width          ; 16    ; Signed Integer                                                     ;
+----------------+-------+--------------------------------------------------------------------+
Note: In order to hide this table in the UI and the text report file, please set the "Show Parameter Settings in Synthesis Report" option in "Analysis and Synthesis Settings -> More Settings" to "Off".


+-----------------------------------------------------------------------------------------------+
; Parameter Settings for User Entity Instance: CPU:CPU_unit|datapath:datapathunit|mux2:storemux ;
+----------------+-------+----------------------------------------------------------------------+
; Parameter Name ; Value ; Type                                                                 ;
+----------------+-------+----------------------------------------------------------------------+
; width          ; 3     ; Signed Integer                                                       ;
+----------------+-------+----------------------------------------------------------------------+
Note: In order to hide this table in the UI and the text report file, please set the "Show Parameter Settings in Synthesis Report" option in "Analysis and Synthesis Settings -> More Settings" to "Off".


+----------------------------------------------------------------------------------------------+
; Parameter Settings for User Entity Instance: CPU:CPU_unit|datapath:datapathunit|mux2:destmux ;
+----------------+-------+---------------------------------------------------------------------+
; Parameter Name ; Value ; Type                                                                ;
+----------------+-------+---------------------------------------------------------------------+
; width          ; 3     ; Signed Integer                                                      ;
+----------------+-------+---------------------------------------------------------------------+
Note: In order to hide this table in the UI and the text report file, please set the "Show Parameter Settings in Synthesis Report" option in "Analysis and Synthesis Settings -> More Settings" to "Off".


+--------------------------------------------------------------------------------------------+
; Parameter Settings for User Entity Instance: CPU:CPU_unit|datapath:datapathunit|adj_u:adj5 ;
+----------------+-------+-------------------------------------------------------------------+
; Parameter Name ; Value ; Type                                                              ;
+----------------+-------+-------------------------------------------------------------------+
; width          ; 5     ; Signed Integer                                                    ;
+----------------+-------+-------------------------------------------------------------------+
Note: In order to hide this table in the UI and the text report file, please set the "Show Parameter Settings in Synthesis Report" option in "Analysis and Synthesis Settings -> More Settings" to "Off".


+------------------------------------------------------------------------------------------+
; Parameter Settings for User Entity Instance: CPU:CPU_unit|datapath:datapathunit|adj:adj6 ;
+----------------+-------+-----------------------------------------------------------------+
; Parameter Name ; Value ; Type                                                            ;
+----------------+-------+-----------------------------------------------------------------+
; width          ; 6     ; Signed Integer                                                  ;
+----------------+-------+-----------------------------------------------------------------+
Note: In order to hide this table in the UI and the text report file, please set the "Show Parameter Settings in Synthesis Report" option in "Analysis and Synthesis Settings -> More Settings" to "Off".


+------------------------------------------------------------------------------------------+
; Parameter Settings for User Entity Instance: CPU:CPU_unit|datapath:datapathunit|adj:adj9 ;
+----------------+-------+-----------------------------------------------------------------+
; Parameter Name ; Value ; Type                                                            ;
+----------------+-------+-----------------------------------------------------------------+
; width          ; 9     ; Signed Integer                                                  ;
+----------------+-------+-----------------------------------------------------------------+
Note: In order to hide this table in the UI and the text report file, please set the "Show Parameter Settings in Synthesis Report" option in "Analysis and Synthesis Settings -> More Settings" to "Off".


+---------------------------------------------------------------------------------------------+
; Parameter Settings for User Entity Instance: CPU:CPU_unit|datapath:datapathunit|mux2:alumux ;
+----------------+-------+--------------------------------------------------------------------+
; Parameter Name ; Value ; Type                                                               ;
+----------------+-------+--------------------------------------------------------------------+
; width          ; 16    ; Signed Integer                                                     ;
+----------------+-------+--------------------------------------------------------------------+
Note: In order to hide this table in the UI and the text report file, please set the "Show Parameter Settings in Synthesis Report" option in "Analysis and Synthesis Settings -> More Settings" to "Off".


+---------------------------------------------------------------------------------------------------+
; Parameter Settings for User Entity Instance: CPU:CPU_unit|datapath:datapathunit|mux2:aluother_mux ;
+----------------+-------+--------------------------------------------------------------------------+
; Parameter Name ; Value ; Type                                                                     ;
+----------------+-------+--------------------------------------------------------------------------+
; width          ; 16    ; Signed Integer                                                           ;
+----------------+-------+--------------------------------------------------------------------------+
Note: In order to hide this table in the UI and the text report file, please set the "Show Parameter Settings in Synthesis Report" option in "Analysis and Synthesis Settings -> More Settings" to "Off".


+---------------------------------------------------------------------------------------------+
; Parameter Settings for User Entity Instance: CPU:CPU_unit|datapath:datapathunit|adder:adder ;
+----------------+-------+--------------------------------------------------------------------+
; Parameter Name ; Value ; Type                                                               ;
+----------------+-------+--------------------------------------------------------------------+
; width          ; 16    ; Signed Integer                                                     ;
+----------------+-------+--------------------------------------------------------------------+
Note: In order to hide this table in the UI and the text report file, please set the "Show Parameter Settings in Synthesis Report" option in "Analysis and Synthesis Settings -> More Settings" to "Off".


+---------------------------------------------------------------------------------------------+
; Parameter Settings for User Entity Instance: CPU:CPU_unit|datapath:datapathunit|nzpcomp:nzp ;
+----------------+-------+--------------------------------------------------------------------+
; Parameter Name ; Value ; Type                                                               ;
+----------------+-------+--------------------------------------------------------------------+
; width          ; 16    ; Signed Integer                                                     ;
+----------------+-------+--------------------------------------------------------------------+
Note: In order to hide this table in the UI and the text report file, please set the "Show Parameter Settings in Synthesis Report" option in "Analysis and Synthesis Settings -> More Settings" to "Off".


+---------------------------------------------------------------------------------------------+
; Parameter Settings for User Entity Instance: CPU:CPU_unit|datapath:datapathunit|register:cc ;
+----------------+-------+--------------------------------------------------------------------+
; Parameter Name ; Value ; Type                                                               ;
+----------------+-------+--------------------------------------------------------------------+
; width          ; 16    ; Signed Integer                                                     ;
+----------------+-------+--------------------------------------------------------------------+
Note: In order to hide this table in the UI and the text report file, please set the "Show Parameter Settings in Synthesis Report" option in "Analysis and Synthesis Settings -> More Settings" to "Off".


+---------------------------------------------------------------------------------------------+
; Parameter Settings for User Entity Instance: CPU:CPU_unit|datapath:datapathunit|mux2:mdrmux ;
+----------------+-------+--------------------------------------------------------------------+
; Parameter Name ; Value ; Type                                                               ;
+----------------+-------+--------------------------------------------------------------------+
; width          ; 16    ; Signed Integer                                                     ;
+----------------+-------+--------------------------------------------------------------------+
Note: In order to hide this table in the UI and the text report file, please set the "Show Parameter Settings in Synthesis Report" option in "Analysis and Synthesis Settings -> More Settings" to "Off".


+-------------------------------------------------------------------------------------------------+
; Parameter Settings for User Entity Instance: CPU:CPU_unit|datapath:datapathunit|mux2:regfilemux ;
+----------------+-------+------------------------------------------------------------------------+
; Parameter Name ; Value ; Type                                                                   ;
+----------------+-------+------------------------------------------------------------------------+
; width          ; 16    ; Signed Integer                                                         ;
+----------------+-------+------------------------------------------------------------------------+
Note: In order to hide this table in the UI and the text report file, please set the "Show Parameter Settings in Synthesis Report" option in "Analysis and Synthesis Settings -> More Settings" to "Off".


+----------------------------------------------------------------------------------------------------------------------------------------------+
; Port Connectivity Checks: "CPU:CPU_unit|datapath:datapathunit|mem_wb_flipflop:mem_wb_flipflop"                                               ;
+------------------------------------+--------+----------+-------------------------------------------------------------------------------------+
; Port                               ; Type   ; Severity ; Details                                                                             ;
+------------------------------------+--------+----------+-------------------------------------------------------------------------------------+
; control_mem_wb_out_ff.opcode       ; Output ; Info     ; Connected to dangling logic. Logic that only feeds a dangling port will be removed. ;
; control_mem_wb_out_ff.aluop        ; Output ; Info     ; Connected to dangling logic. Logic that only feeds a dangling port will be removed. ;
; control_mem_wb_out_ff.load_cc      ; Output ; Info     ; Connected to dangling logic. Logic that only feeds a dangling port will be removed. ;
; control_mem_wb_out_ff.load_pc      ; Output ; Info     ; Connected to dangling logic. Logic that only feeds a dangling port will be removed. ;
; control_mem_wb_out_ff.load_ir      ; Output ; Info     ; Connected to dangling logic. Logic that only feeds a dangling port will be removed. ;
; control_mem_wb_out_ff.pcmux_sel    ; Output ; Info     ; Connected to dangling logic. Logic that only feeds a dangling port will be removed. ;
; control_mem_wb_out_ff.storemux_sel ; Output ; Info     ; Connected to dangling logic. Logic that only feeds a dangling port will be removed. ;
; control_mem_wb_out_ff.alumux_sel   ; Output ; Info     ; Connected to dangling logic. Logic that only feeds a dangling port will be removed. ;
; control_mem_wb_out_ff.leamux_sel   ; Output ; Info     ; Connected to dangling logic. Logic that only feeds a dangling port will be removed. ;
; control_mem_wb_out_ff.mdrmux_sel   ; Output ; Info     ; Connected to dangling logic. Logic that only feeds a dangling port will be removed. ;
; control_mem_wb_out_ff.destmux_sel  ; Output ; Info     ; Connected to dangling logic. Logic that only feeds a dangling port will be removed. ;
; control_mem_wb_out_ff.mem_read     ; Output ; Info     ; Connected to dangling logic. Logic that only feeds a dangling port will be removed. ;
; control_mem_wb_out_ff.mem_write    ; Output ; Info     ; Connected to dangling logic. Logic that only feeds a dangling port will be removed. ;
+------------------------------------+--------+----------+-------------------------------------------------------------------------------------+


+----------------------------------------------------------------------------------------------------------------------+
; Port Connectivity Checks: "CPU:CPU_unit|datapath:datapathunit|register:cc"                                           ;
+------------+--------+----------+-------------------------------------------------------------------------------------+
; Port       ; Type   ; Severity ; Details                                                                             ;
+------------+--------+----------+-------------------------------------------------------------------------------------+
; in[15..3]  ; Input  ; Info     ; Stuck at GND                                                                        ;
; out[15..3] ; Output ; Info     ; Connected to dangling logic. Logic that only feeds a dangling port will be removed. ;
+------------+--------+----------+-------------------------------------------------------------------------------------+


+----------------------------------------------------------------------------------------------------------------------------+
; Port Connectivity Checks: "CPU:CPU_unit|datapath:datapathunit|ex_mem_flipflop:ex_mem_flipflop"                             ;
+------------------+--------+----------+-------------------------------------------------------------------------------------+
; Port             ; Type   ; Severity ; Details                                                                             ;
+------------------+--------+----------+-------------------------------------------------------------------------------------+
; mem_read_ex_mem  ; Output ; Info     ; Connected to dangling logic. Logic that only feeds a dangling port will be removed. ;
; mem_write_ex_mem ; Output ; Info     ; Connected to dangling logic. Logic that only feeds a dangling port will be removed. ;
+------------------+--------+----------+-------------------------------------------------------------------------------------+


+-----------------------------------------------------------------------------+
; Port Connectivity Checks: "CPU:CPU_unit|datapath:datapathunit|mux2:destmux" ;
+------+-------+----------+---------------------------------------------------+
; Port ; Type  ; Severity ; Details                                           ;
+------+-------+----------+---------------------------------------------------+
; b    ; Input ; Info     ; Stuck at VCC                                      ;
+------+-------+----------+---------------------------------------------------+


+-----------------------------------------------------------------------------------------------------------------------------------+
; Port Connectivity Checks: "CPU:CPU_unit|datapath:datapathunit|id_ex_flipflop:id_ex_flipflop"                                      ;
+-------------------------+--------+----------+-------------------------------------------------------------------------------------+
; Port                    ; Type   ; Severity ; Details                                                                             ;
+-------------------------+--------+----------+-------------------------------------------------------------------------------------+
; mem_wdata_out_ff[15..6] ; Output ; Info     ; Connected to dangling logic. Logic that only feeds a dangling port will be removed. ;
; mem_wdata_out_ff[4..0]  ; Output ; Info     ; Connected to dangling logic. Logic that only feeds a dangling port will be removed. ;
; aluothermux_sel         ; Output ; Info     ; Connected to dangling logic. Logic that only feeds a dangling port will be removed. ;
+-------------------------+--------+----------+-------------------------------------------------------------------------------------+


+----------------------------------------------------------------------------+
; Port Connectivity Checks: "CPU:CPU_unit|datapath:datapathunit|register:pc" ;
+------+-------+----------+--------------------------------------------------+
; Port ; Type  ; Severity ; Details                                          ;
+------+-------+----------+--------------------------------------------------+
; load ; Input ; Info     ; Stuck at VCC                                     ;
+------+-------+----------+--------------------------------------------------+


+--------------------------------------------------------------------------------------------------------------------------+
; Port Connectivity Checks: "CPU:CPU_unit|datapath:datapathunit"                                                           ;
+----------------+--------+----------+-------------------------------------------------------------------------------------+
; Port           ; Type   ; Severity ; Details                                                                             ;
+----------------+--------+----------+-------------------------------------------------------------------------------------+
; load_pc        ; Input  ; Info     ; Stuck at GND                                                                        ;
; load_ir        ; Input  ; Info     ; Stuck at GND                                                                        ;
; load_regfile   ; Input  ; Info     ; Stuck at GND                                                                        ;
; load_mar       ; Input  ; Info     ; Stuck at GND                                                                        ;
; load_mdr       ; Input  ; Info     ; Stuck at GND                                                                        ;
; load_cc        ; Input  ; Info     ; Stuck at GND                                                                        ;
; pcmux_sel      ; Input  ; Info     ; Stuck at GND                                                                        ;
; storemux_sel   ; Input  ; Info     ; Stuck at GND                                                                        ;
; alumux_sel     ; Input  ; Info     ; Stuck at GND                                                                        ;
; regfilemux_sel ; Input  ; Info     ; Stuck at GND                                                                        ;
; mdrmux_sel     ; Input  ; Info     ; Stuck at GND                                                                        ;
; leamux_sel     ; Input  ; Info     ; Stuck at GND                                                                        ;
; destmux_sel    ; Input  ; Info     ; Stuck at GND                                                                        ;
; offsetmux_sel  ; Input  ; Info     ; Stuck at GND                                                                        ;
; adj6mux_sel    ; Input  ; Info     ; Stuck at GND                                                                        ;
; aluop          ; Input  ; Info     ; Stuck at GND                                                                        ;
; opcode         ; Output ; Info     ; Connected to dangling logic. Logic that only feeds a dangling port will be removed. ;
; branch_enable  ; Output ; Info     ; Connected to dangling logic. Logic that only feeds a dangling port will be removed. ;
; instruction    ; Output ; Info     ; Connected to dangling logic. Logic that only feeds a dangling port will be removed. ;
; A              ; Output ; Info     ; Connected to dangling logic. Logic that only feeds a dangling port will be removed. ;
; D              ; Output ; Info     ; Connected to dangling logic. Logic that only feeds a dangling port will be removed. ;
+----------------+--------+----------+-------------------------------------------------------------------------------------+


+-----------------------------------------------------------------------------------------------------------------------------+
; Port Connectivity Checks: "CPU:CPU_unit"                                                                                    ;
+-------------------+--------+----------+-------------------------------------------------------------------------------------+
; Port              ; Type   ; Severity ; Details                                                                             ;
+-------------------+--------+----------+-------------------------------------------------------------------------------------+
; mem_byte_enable_a ; Output ; Info     ; Connected to dangling logic. Logic that only feeds a dangling port will be removed. ;
; mem_byte_enable_b ; Output ; Info     ; Connected to dangling logic. Logic that only feeds a dangling port will be removed. ;
+-------------------+--------+----------+-------------------------------------------------------------------------------------+


+-------------------------------+
; Elapsed Time Per Partition    ;
+----------------+--------------+
; Partition Name ; Elapsed Time ;
+----------------+--------------+
; Top            ; 00:00:00     ;
+----------------+--------------+


+-------------------------------+
; Analysis & Synthesis Messages ;
+-------------------------------+
Info: *******************************************************************
Info: Running Quartus II 32-bit Analysis & Synthesis
    Info: Version 13.1.4 Build 182 03/12/2014 SJ Full Version
    Info: Processing started: Mon Mar 28 16:59:09 2016
Info: Command: quartus_map --read_settings_files=on --write_settings_files=off mp3 -c mp3
Info (20030): Parallel compilation is enabled and will use 4 of the 4 processors detected
Info (12021): Found 1 design units, including 1 entities, in source file ex_mem_ff.sv
    Info (12023): Found entity 1: ex_mem_flipflop
Info (12021): Found 1 design units, including 1 entities, in source file mem_wb_ff.sv
    Info (12023): Found entity 1: mem_wb_flipflop
Info (12021): Found 1 design units, including 1 entities, in source file if_id_ff.sv
    Info (12023): Found entity 1: if_id_flipflop
Info (12021): Found 1 design units, including 1 entities, in source file id_ex_ff.sv
    Info (12023): Found entity 1: id_ex_flipflop
Info (12021): Found 1 design units, including 0 entities, in source file lc3b_types.sv
    Info (12022): Found design unit 1: lc3b_types (SystemVerilog)
Info (12021): Found 1 design units, including 1 entities, in source file adj.sv
    Info (12023): Found entity 1: adj
Info (12021): Found 1 design units, including 1 entities, in source file alu.sv
    Info (12023): Found entity 1: alu
Info (12021): Found 1 design units, including 1 entities, in source file control.sv
    Info (12023): Found entity 1: control
Warning (10090): Verilog HDL syntax warning at datapath.sv(438): extra block comment delimiter characters /* within block comment
Info (12021): Found 1 design units, including 1 entities, in source file datapath.sv
    Info (12023): Found entity 1: datapath
Info (12021): Found 1 design units, including 1 entities, in source file gencc.sv
    Info (12023): Found entity 1: gencc
Info (12021): Found 1 design units, including 1 entities, in source file ir.sv
    Info (12023): Found entity 1: ir
Info (12021): Found 1 design units, including 1 entities, in source file plus2.sv
    Info (12023): Found entity 1: plus2
Info (12021): Found 1 design units, including 1 entities, in source file regfile.sv
    Info (12023): Found entity 1: regfile
Info (12021): Found 1 design units, including 1 entities, in source file register.sv
    Info (12023): Found entity 1: register
Info (12021): Found 1 design units, including 1 entities, in source file mux2.sv
    Info (12023): Found entity 1: mux2
Info (12021): Found 1 design units, including 1 entities, in source file adder.sv
    Info (12023): Found entity 1: adder
Info (12021): Found 1 design units, including 1 entities, in source file nzpcomp.sv
    Info (12023): Found entity 1: nzpcomp
Info (12021): Found 1 design units, including 1 entities, in source file mux4.sv
    Info (12023): Found entity 1: mux4
Info (12021): Found 1 design units, including 1 entities, in source file adju.sv
    Info (12023): Found entity 1: adj_u
Info (12021): Found 1 design units, including 1 entities, in source file adj_8_zext.sv
    Info (12023): Found entity 1: adj_8_zext
Info (12021): Found 1 design units, including 1 entities, in source file adj_noshift.sv
    Info (12023): Found entity 1: adj_noshift
Info (12021): Found 1 design units, including 1 entities, in source file lsb_write.sv
    Info (12023): Found entity 1: lsb_write
Info (12021): Found 1 design units, including 1 entities, in source file cache.sv
    Info (12023): Found entity 1: cache
Info (12021): Found 1 design units, including 1 entities, in source file cache_control.sv
    Info (12023): Found entity 1: cache_control
Info (12021): Found 1 design units, including 1 entities, in source file cache_datapath.sv
    Info (12023): Found entity 1: cache_datapath
Info (12021): Found 1 design units, including 1 entities, in source file data_array.sv
    Info (12023): Found entity 1: data_array
Info (12021): Found 1 design units, including 1 entities, in source file tag_array.sv
    Info (12023): Found entity 1: tag_array
Info (12021): Found 1 design units, including 1 entities, in source file decoder.sv
    Info (12023): Found entity 1: decoder
Info (12021): Found 1 design units, including 1 entities, in source file tag_comparitor.sv
    Info (12023): Found entity 1: tag_comparitor
Info (12021): Found 1 design units, including 1 entities, in source file word_selector.sv
    Info (12023): Found entity 1: word_selector
Info (12021): Found 1 design units, including 1 entities, in source file bit_array.sv
    Info (12023): Found entity 1: bit_array
Info (12021): Found 1 design units, including 1 entities, in source file hit_module.sv
    Info (12023): Found entity 1: hit_module
Warning (10090): Verilog HDL syntax warning at CPU.sv(69): extra block comment delimiter characters /* within block comment
Info (12021): Found 1 design units, including 1 entities, in source file CPU.sv
    Info (12023): Found entity 1: CPU
Info (12021): Found 1 design units, including 1 entities, in source file mp3.sv
    Info (12023): Found entity 1: mp3
Info (12021): Found 1 design units, including 1 entities, in source file word_inserter.sv
    Info (12023): Found entity 1: word_inserter
Info (12021): Found 1 design units, including 1 entities, in source file magic_memory_dp.sv
    Info (12023): Found entity 1: magic_memory_dp
Info (12021): Found 1 design units, including 1 entities, in source file rom_control.sv
    Info (12023): Found entity 1: control_rom
Info (12021): Found 1 design units, including 1 entities, in source file mp3_tb.sv
    Info (12023): Found entity 1: mp3_tb
Info (12021): Found 1 design units, including 1 entities, in source file test_flipflop.sv
    Info (12023): Found entity 1: test_flipflop
Warning (10236): Verilog HDL Implicit Net warning at datapath.sv(272): created implicit net for "pmem_read_b"
Warning (10236): Verilog HDL Implicit Net warning at datapath.sv(273): created implicit net for "pmem_write_b"
Info (12127): Elaborating entity "mp3" for the top level hierarchy
Warning (10034): Output port "pmem_mask_a" at mp3.sv(16) has no driver
Warning (10034): Output port "pmem_mask_b" at mp3.sv(28) has no driver
Info (12128): Elaborating entity "CPU" for hierarchy "CPU:CPU_unit"
Warning (10030): Net "aluop" at CPU.sv(33) has no driver or initial value, using a default initial value '0'
Warning (10030): Net "load_cc" at CPU.sv(28) has no driver or initial value, using a default initial value '0'
Warning (10030): Net "load_ir" at CPU.sv(28) has no driver or initial value, using a default initial value '0'
Warning (10030): Net "load_mar" at CPU.sv(28) has no driver or initial value, using a default initial value '0'
Warning (10030): Net "load_mdr" at CPU.sv(28) has no driver or initial value, using a default initial value '0'
Warning (10030): Net "load_pc" at CPU.sv(28) has no driver or initial value, using a default initial value '0'
Warning (10030): Net "load_regfile" at CPU.sv(28) has no driver or initial value, using a default initial value '0'
Warning (10030): Net "storemux_sel" at CPU.sv(29) has no driver or initial value, using a default initial value '0'
Warning (10030): Net "destmux_sel" at CPU.sv(29) has no driver or initial value, using a default initial value '0'
Warning (10030): Net "offsetmux_sel" at CPU.sv(29) has no driver or initial value, using a default initial value '0'
Warning (10030): Net "leamux_sel" at CPU.sv(29) has no driver or initial value, using a default initial value '0'
Warning (10030): Net "adj6mux_sel" at CPU.sv(29) has no driver or initial value, using a default initial value '0'
Warning (10030): Net "regfilemux_sel" at CPU.sv(31) has no driver or initial value, using a default initial value '0'
Warning (10030): Net "mdrmux_sel" at CPU.sv(31) has no driver or initial value, using a default initial value '0'
Warning (10030): Net "pcmux_sel" at CPU.sv(32) has no driver or initial value, using a default initial value '0'
Warning (10030): Net "alumux_sel" at CPU.sv(32) has no driver or initial value, using a default initial value '0'
Warning (10034): Output port "mem_byte_enable_a" at CPU.sv(12) has no driver
Warning (10034): Output port "mem_byte_enable_b" at CPU.sv(20) has no driver
Warning (10034): Output port "mem_read_a" at CPU.sv(10) has no driver
Warning (10034): Output port "mem_write_a" at CPU.sv(11) has no driver
Warning (10034): Output port "mem_read_b" at CPU.sv(18) has no driver
Warning (10034): Output port "mem_write_b" at CPU.sv(19) has no driver
Info (12128): Elaborating entity "datapath" for hierarchy "CPU:CPU_unit|datapath:datapathunit"
Warning (10034): Output port "mem_wdata_a" at datapath.sv(35) has no driver
Info (12128): Elaborating entity "if_id_flipflop" for hierarchy "CPU:CPU_unit|datapath:datapathunit|if_id_flipflop:if_id_flipflop"
Info (12128): Elaborating entity "mux2" for hierarchy "CPU:CPU_unit|datapath:datapathunit|mux2:pcmux"
Info (12128): Elaborating entity "plus2" for hierarchy "CPU:CPU_unit|datapath:datapathunit|plus2:pc_plus2"
Info (12128): Elaborating entity "register" for hierarchy "CPU:CPU_unit|datapath:datapathunit|register:pc"
Info (12128): Elaborating entity "id_ex_flipflop" for hierarchy "CPU:CPU_unit|datapath:datapathunit|id_ex_flipflop:id_ex_flipflop"
Info (12128): Elaborating entity "regfile" for hierarchy "CPU:CPU_unit|datapath:datapathunit|regfile:registerfile"
Info (12128): Elaborating entity "mux2" for hierarchy "CPU:CPU_unit|datapath:datapathunit|mux2:storemux"
Info (12128): Elaborating entity "adj_u" for hierarchy "CPU:CPU_unit|datapath:datapathunit|adj_u:adj5"
Info (12128): Elaborating entity "adj" for hierarchy "CPU:CPU_unit|datapath:datapathunit|adj:adj6"
Info (12128): Elaborating entity "adj" for hierarchy "CPU:CPU_unit|datapath:datapathunit|adj:adj9"
Info (12128): Elaborating entity "ex_mem_flipflop" for hierarchy "CPU:CPU_unit|datapath:datapathunit|ex_mem_flipflop:ex_mem_flipflop"
Info (12128): Elaborating entity "alu" for hierarchy "CPU:CPU_unit|datapath:datapathunit|alu:alu"
Info (12128): Elaborating entity "adder" for hierarchy "CPU:CPU_unit|datapath:datapathunit|adder:adder"
Info (12128): Elaborating entity "nzpcomp" for hierarchy "CPU:CPU_unit|datapath:datapathunit|nzpcomp:nzp"
Info (12128): Elaborating entity "gencc" for hierarchy "CPU:CPU_unit|datapath:datapathunit|gencc:gencc"
Info (12128): Elaborating entity "mem_wb_flipflop" for hierarchy "CPU:CPU_unit|datapath:datapathunit|mem_wb_flipflop:mem_wb_flipflop"
Info (12128): Elaborating entity "control_rom" for hierarchy "CPU:CPU_unit|control_rom:control_rom"
Info (10041): Inferred latch for "ctrl.aluop[0]" at rom_control.sv(11)
Info (10041): Inferred latch for "ctrl.aluop[1]" at rom_control.sv(11)
Info (10041): Inferred latch for "ctrl.aluop[2]" at rom_control.sv(11)
Info (10041): Inferred latch for "ctrl.aluop[3]" at rom_control.sv(11)
Info (276014): Found 1 instances of uninferred RAM logic
    Info (276006): RAM logic "CPU:CPU_unit|datapath:datapathunit|regfile:registerfile|data" is uninferred due to "logic" being set as ramstyle synthesis attribute
Warning (13012): Latch CPU:CPU_unit|control_rom:control_rom|ctrl.aluop[0] has unsafe behavior
    Warning (13013): Ports D and ENA on the latch are fed by the same signal pmem_rdata_a[12]
Warning (13012): Latch CPU:CPU_unit|control_rom:control_rom|ctrl.aluop[1] has unsafe behavior
    Warning (13013): Ports D and ENA on the latch are fed by the same signal pmem_rdata_a[12]
Warning (13024): Output pins are stuck at VCC or GND
    Warning (13410): Pin "pmem_read_a" is stuck at GND
    Warning (13410): Pin "pmem_write_a" is stuck at GND
    Warning (13410): Pin "pmem_address_a[0]" is stuck at GND
    Warning (13410): Pin "pmem_wdata_a[0]" is stuck at GND
    Warning (13410): Pin "pmem_wdata_a[1]" is stuck at GND
    Warning (13410): Pin "pmem_wdata_a[2]" is stuck at GND
    Warning (13410): Pin "pmem_wdata_a[3]" is stuck at GND
    Warning (13410): Pin "pmem_wdata_a[4]" is stuck at GND
    Warning (13410): Pin "pmem_wdata_a[5]" is stuck at GND
    Warning (13410): Pin "pmem_wdata_a[6]" is stuck at GND
    Warning (13410): Pin "pmem_wdata_a[7]" is stuck at GND
    Warning (13410): Pin "pmem_wdata_a[8]" is stuck at GND
    Warning (13410): Pin "pmem_wdata_a[9]" is stuck at GND
    Warning (13410): Pin "pmem_wdata_a[10]" is stuck at GND
    Warning (13410): Pin "pmem_wdata_a[11]" is stuck at GND
    Warning (13410): Pin "pmem_wdata_a[12]" is stuck at GND
    Warning (13410): Pin "pmem_wdata_a[13]" is stuck at GND
    Warning (13410): Pin "pmem_wdata_a[14]" is stuck at GND
    Warning (13410): Pin "pmem_wdata_a[15]" is stuck at GND
    Warning (13410): Pin "pmem_mask_a[0]" is stuck at GND
    Warning (13410): Pin "pmem_mask_a[1]" is stuck at GND
    Warning (13410): Pin "pmem_read_b" is stuck at GND
    Warning (13410): Pin "pmem_write_b" is stuck at GND
    Warning (13410): Pin "pmem_mask_b[0]" is stuck at GND
    Warning (13410): Pin "pmem_mask_b[1]" is stuck at GND
Info (286030): Timing-Driven Synthesis is running
Info (17049): 72 registers lost all their fanouts during netlist optimizations.
Info (16010): Generating hard_block partition "hard_block:auto_generated_inst"
    Info (16011): Adding 0 node(s), including 0 DDIO, 0 PLL, 0 transceiver and 0 LCELL
Warning (21074): Design contains 2 input pin(s) that do not drive logic
    Warning (15610): No output dependent on input pin "pmem_resp_a"
    Warning (15610): No output dependent on input pin "pmem_resp_b"
Info (21057): Implemented 488 device resources after synthesis - the final resource count might be different
    Info (21058): Implemented 35 input pins
    Info (21059): Implemented 72 output pins
    Info (21061): Implemented 381 logic cells
Info: Quartus II 32-bit Analysis & Synthesis was successful. 0 errors, 62 warnings
    Info: Peak virtual memory: 445 megabytes
    Info: Processing ended: Mon Mar 28 16:59:17 2016
    Info: Elapsed time: 00:00:08
    Info: Total CPU time (on all processors): 00:00:03


